Start testing: Apr 04 13:51 CEST
----------------------------------------------------------
1/1 Testing: test_zad
1/1 Test: test_zad
Command: "/home/ana/Objektno C++/stl1-anaparac/src/build/test/test_zad"
Directory: /home/ana/Objektno C++/stl1-anaparac/src/build/test
"test_zad" start time: Apr 04 13:51 CEST
Output:
----------------------------------------------------------
[==========] Running 3 tests from 1 test case.
[----------] Global test environment set-up.
[----------] 3 tests from STL
[ RUN      ] STL.Zadatak1
[       OK ] STL.Zadatak1 (0 ms)
[ RUN      ] STL.Zadatak2
[       OK ] STL.Zadatak2 (0 ms)
[ RUN      ] STL.Zadatak3
[       OK ] STL.Zadatak3 (114 ms)
[----------] 3 tests from STL (114 ms total)

[----------] Global test environment tear-down
[==========] 3 tests from 1 test case ran. (115 ms total)
[  PASSED  ] 3 tests.
<end of output>
Test time =   0.12 sec
----------------------------------------------------------
Test Passed.
"test_zad" end time: Apr 04 13:51 CEST
"test_zad" time elapsed: 00:00:00
----------------------------------------------------------

End testing: Apr 04 13:51 CEST
